[catgame/index.html]
[catgame/css/output.css]
[backblue.gif]
[fade.gif]
[index.html]
[cdnjs.cloudflare.com/ajax/libs/jquery/3.7.1/jquery.min.js]
[catgame/img/favicon.ico]
[catgame/img/logo.png]
[catgame/img/dext.png]
[catgame/img/hero.png]
[catgame/img/tk-1.png]
[catgame/img/tk-2.png]
[catgame/img/tk-3.png]
[catgame/img/com.png]
[catgame/script.js]
[catgame/index.html]
[catgame/font/Gameplay.ttf]
[catgame/img/footer-bg.png]
[catgame/img/sale-bg.png]
[catgame/img/tk-bg.png]
[catgame/img/hero-bg.png]
[catgame/css/output.css]
